[15:04:44.767 Error] - FatalError - Microsoft.Build.Exceptions.InvalidProjectFileException: The expression "[MSBuild]::NormalizePath(D:\-Programming-\C#\GitOpenSourceRepository\BionicUtilities.Net\BionicCode.BionicUtilities.Net\BionicCode.BionicUtilities.Net.UnitTest.Core, D:\-Programming-\C#\GitOpenSourceRepository\BionicUtilities.Net\BionicCode.BionicUtilities.Net\.vs\BionicUtilities.Net\v16\lut\0\i\BionicCode.BionicUtilities.Net.UnitTest.Core\Debug\netcoreapp3.1\BionicCode.BionicUtilities.Net.UnitTest.Core.genruntimeconfig.cache)" cannot be evaluated. Path: D:\-Programming-\C#\GitOpenSourceRepository\BionicUtilities.Net\BionicCode.BionicUtilities.Net\.vs\BionicUtilities.Net\v16\lut\0\i\BionicCode.BionicUtilities.Net.UnitTest.Core\Debug\netcoreapp3.1\BionicCode.BionicUtilities.Net.UnitTest.Core.genruntimeconfig.cache exceeds the OS max path limit. The fully qualified file name must be less than 260 characters.  C:\Program Files\dotnet\sdk\3.1.301\Sdks\Microsoft.NET.Sdk\targets\Microsoft.NET.Sdk.targets
   at Microsoft.Build.Shared.ProjectErrorUtilities.ThrowInvalidProject(String errorSubCategoryResourceName, IElementLocation elementLocation, String resourceName, Object[] args)
   at Microsoft.Build.Shared.ProjectErrorUtilities.VerifyThrowInvalidProject[T1,T2](Boolean condition, String errorSubCategoryResourceName, IElementLocation elementLocation, String resourceName, T1 arg0, T2 arg1)
   at Microsoft.Build.Evaluation.Expander`2.Function`1.Execute(Object objectInstance, IPropertyProvider`1 properties, ExpanderOptions options, IElementLocation elementLocation)
   at Microsoft.Build.Evaluation.Expander`2.PropertyExpander`1.ExpandPropertyBody(String propertyBody, Object propertyValue, IPropertyProvider`1 properties, ExpanderOptions options, IElementLocation elementLocation, UsedUninitializedProperties usedUninitializedProperties, IFileSystem fileSystem)
   at Microsoft.Build.Evaluation.Expander`2.PropertyExpander`1.ExpandPropertiesLeaveTypedAndEscaped(String expression, IPropertyProvider`1 properties, ExpanderOptions options, IElementLocation elementLocation, UsedUninitializedProperties usedUninitializedProperties, IFileSystem fileSystem)
   at Microsoft.Build.Evaluation.Expander`2.PropertyExpander`1.ExpandPropertiesLeaveEscaped(String expression, IPropertyProvider`1 properties, ExpanderOptions options, IElementLocation elementLocation, UsedUninitializedProperties usedUninitializedProperties, IFileSystem fileSystem)
   at Microsoft.Build.Evaluation.Expander`2.ExpandIntoStringLeaveEscaped(String expression, ExpanderOptions options, IElementLocation elementLocation)
   at Microsoft.Build.Evaluation.Evaluator`4.EvaluatePropertyElement(ProjectPropertyElement propertyElement)
   at Microsoft.Build.Evaluation.Evaluator`4.EvaluatePropertyGroupElement(ProjectPropertyGroupElement propertyGroupElement)
   at Microsoft.Build.Evaluation.Evaluator`4.PerformDepthFirstPass(ProjectRootElement currentProjectOrImport)
   at Microsoft.Build.Evaluation.Evaluator`4.EvaluateImportElement(String directoryOfImportingFile, ProjectImportElement importElement)
   at Microsoft.Build.Evaluation.Evaluator`4.PerformDepthFirstPass(ProjectRootElement currentProjectOrImport)
   at Microsoft.Build.Evaluation.Evaluator`4.EvaluateImportElement(String directoryOfImportingFile, ProjectImportElement importElement)
   at Microsoft.Build.Evaluation.Evaluator`4.PerformDepthFirstPass(ProjectRootElement currentProjectOrImport)
   at Microsoft.Build.Evaluation.Evaluator`4.Evaluate()
   at Microsoft.Build.Evaluation.Evaluator`4.Evaluate(IEvaluatorData`4 data, ProjectRootElement root, ProjectLoadSettings loadSettings, Int32 maxNodeCount, PropertyDictionary`1 environmentProperties, ILoggingService loggingService, IItemFactory`2 itemFactory, IToolsetProvider toolsetProvider, ProjectRootElementCacheBase projectRootElementCache, BuildEventContext buildEventContext, ISdkResolverService sdkResolverService, Int32 submissionId, EvaluationContext evaluationContext, Boolean interactive)
   at Microsoft.Build.Evaluation.Project.ProjectImpl.Reevaluate(ILoggingService loggingServiceForEvaluation, ProjectLoadSettings loadSettings, EvaluationContext evaluationContext)
   at Microsoft.Build.Evaluation.Project.ProjectImpl.ReevaluateIfNecessary(ILoggingService loggingServiceForEvaluation, ProjectLoadSettings loadSettings, EvaluationContext evaluationContext)
   at Microsoft.Build.Evaluation.Project.ProjectImpl.ReevaluateIfNecessary(EvaluationContext evaluationContext)
   at Microsoft.CodeAnalysis.LiveUnitTesting.BuildManagement.BuildService.OverrideMSBuildProjectOutputPath(Project adjustedMSBuildProject, ProjectId projectId)
   at Microsoft.CodeAnalysis.LiveUnitTesting.BuildManagement.BuildService.<InitializeClonedProjectAsync>d__36.MoveNext()
--- End of stack trace from previous location where exception was thrown ---
   at System.Runtime.CompilerServices.TaskAwaiter.ThrowForNonSuccess(Task task)
   at System.Runtime.CompilerServices.TaskAwaiter.HandleNonSuccessAndDebuggerNotification(Task task)
   at Microsoft.CodeAnalysis.LiveUnitTesting.BuildManagement.RemoteBuildService.<>c__DisplayClass9_0.<<LoadProjectAsync>b__0>d.MoveNext()
--- End of stack trace from previous location where exception was thrown ---
   at System.Runtime.CompilerServices.TaskAwaiter.ThrowForNonSuccess(Task task)
   at System.Runtime.CompilerServices.TaskAwaiter.HandleNonSuccessAndDebuggerNotification(Task task)
   at Microsoft.CodeAnalysis.LiveUnitTesting.BuildManagement.RemoteBuildService.<>c__DisplayClass5_0`1.<<RunAsync>b__0>d.MoveNext()
[16:31:18.592 Verbose] - BuildManager - C:\Program Files (x86)\Microsoft Visual Studio\2019\Enterprise\MSBuild\Current\Bin\Microsoft.Common.CurrentVersion.targets(4643,5): error MSB3027: Could not copy "D:\-Programming-\C#\GitOpenSourceRepository\BionicUtilities.Net\BionicCode.BionicUtilities.Net\packages\MSTest.TestAdapter.2.1.0\build\_common\Microsoft.VisualStudio.TestPlatform.MSTestAdapter.PlatformServices.Interface.dll" to "D:\-Programming-\C#\GitOpenSourceRepository\BionicUtilities.Net\BionicCode.BionicUtilities.Net\.vs\BionicUtilities.Net\v16\lut\0\b\BionicCode.BionicUtilities.Net.UnitTest.Net\bin\Debug\Microsoft.VisualStudio.TestPlatform.MSTestAdapter.PlatformServices.Interface.dll". Exceeded retry count of 10. Failed. 
[16:31:18.592 Verbose] - BuildManager - C:\Program Files (x86)\Microsoft Visual Studio\2019\Enterprise\MSBuild\Current\Bin\Microsoft.Common.CurrentVersion.targets(4643,5): error MSB3021: Unable to copy file "D:\-Programming-\C#\GitOpenSourceRepository\BionicUtilities.Net\BionicCode.BionicUtilities.Net\packages\MSTest.TestAdapter.2.1.0\build\_common\Microsoft.VisualStudio.TestPlatform.MSTestAdapter.PlatformServices.Interface.dll" to "D:\-Programming-\C#\GitOpenSourceRepository\BionicUtilities.Net\BionicCode.BionicUtilities.Net\.vs\BionicUtilities.Net\v16\lut\0\b\BionicCode.BionicUtilities.Net.UnitTest.Net\bin\Debug\Microsoft.VisualStudio.TestPlatform.MSTestAdapter.PlatformServices.Interface.dll". Could not find a part of the path 'D:\-Programming-\C#\GitOpenSourceRepository\BionicUtilities.Net\BionicCode.BionicUtilities.Net\.vs\BionicUtilities.Net\v16\lut\0\b\BionicCode.BionicUtilities.Net.UnitTest.Net\bin\Debug\Microsoft.VisualStudio.TestPlatform.MSTestAdapter.PlatformServices.Interface.dll'.
[16:31:18.600 Verbose] - BuildManager - Some of the file paths defined in the csproj under the Live Unit Testing build path are missing. Verify whether these files should be present under the Live Unit Testing build path and if necessary update the csproj definition to look these files up in a different place.
[16:31:18.600 Verbose] - BuildManager - Item _OutputPathItem 'D:\-Programming-\C#\GitOpenSourceRepository\BionicUtilities.Net\BionicCode.BionicUtilities.Net\.vs\BionicUtilities.Net\v16\lut\0\b\BionicCode.BionicUtilities.Net.UnitTest.Net\bin\Debug\' evaluated via:
_OutputPathItem: '$(OutDir)' @ C:\Program Files (x86)\Microsoft Visual Studio\2019\Enterprise\MSBuild\Current\Bin\Microsoft.Common.CurrentVersion.targets:272
  OutDir: 'D:\-Programming-\C#\GitOpenSourceRepository\BionicUtilities.Net\BionicCode.BionicUtilities.Net\.vs\BionicUtilities.Net\v16\lut\0\b\BionicCode.BionicUtilities.Net.UnitTest.Net\bin\Debug\' @ D:\-Programming-\C#\GitOpenSourceRepository\BionicUtilities.Net\BionicCode.BionicUtilities.Net\BionicCode.BionicUtilities.Net.UnitTest.Net\BionicCode.BionicUtilities.Net.UnitTest.Net.csproj:0
[16:31:18.601 Verbose] - BuildManager - Item AppConfigFileDestination 'D:\-Programming-\C#\GitOpenSourceRepository\BionicUtilities.Net\BionicCode.BionicUtilities.Net\.vs\BionicUtilities.Net\v16\lut\0\b\BionicCode.BionicUtilities.Net.UnitTest.Net\bin\Debug\BionicCode.BionicUtilities.Net.UnitTest.Net.dll.config' evaluated via:
AppConfigFileDestination: '$(OutDir)$(TargetFileName).config' @ C:\Program Files (x86)\Microsoft Visual Studio\2019\Enterprise\MSBuild\Current\Bin\Microsoft.Common.CurrentVersion.targets:303
  OutDir: 'D:\-Programming-\C#\GitOpenSourceRepository\BionicUtilities.Net\BionicCode.BionicUtilities.Net\.vs\BionicUtilities.Net\v16\lut\0\b\BionicCode.BionicUtilities.Net.UnitTest.Net\bin\Debug\' @ D:\-Programming-\C#\GitOpenSourceRepository\BionicUtilities.Net\BionicCode.BionicUtilities.Net\BionicCode.BionicUtilities.Net.UnitTest.Net\BionicCode.BionicUtilities.Net.UnitTest.Net.csproj:0
  TargetFileName: '$(TargetName)$(TargetExt)' @ C:\Program Files (x86)\Microsoft Visual Studio\2019\Enterprise\MSBuild\Current\Bin\Microsoft.Common.CurrentVersion.targets:212
    TargetName: '$(AssemblyName)' @ C:\Program Files (x86)\Microsoft Visual Studio\2019\Enterprise\MSBuild\Current\Bin\Microsoft.Common.CurrentVersion.targets:204
      AssemblyName: 'BionicCode.BionicUtilities.Net.UnitTest.Net' @ D:\-Programming-\C#\GitOpenSourceRepository\BionicUtilities.Net\BionicCode.BionicUtilities.Net\BionicCode.BionicUtilities.Net.UnitTest.Net\BionicCode.BionicUtilities.Net.UnitTest.Net.csproj:12
    TargetExt: '.dll' @ C:\Program Files (x86)\Microsoft Visual Studio\2019\Enterprise\MSBuild\Current\Bin\Microsoft.Common.CurrentVersion.targets:183
[16:31:18.601 Verbose] - BuildManager - Item _DebugSymbolsOutputPath 'D:\-Programming-\C#\GitOpenSourceRepository\BionicUtilities.Net\BionicCode.BionicUtilities.Net\.vs\BionicUtilities.Net\v16\lut\0\b\BionicCode.BionicUtilities.Net.UnitTest.Net\bin\Debug\BionicCode.BionicUtilities.Net.UnitTest.Net.pdb' evaluated via:
_DebugSymbolsOutputPath: '@(_DebugSymbolsIntermediatePath->'$(OutDir)%(Filename)%(Extension)')' @ C:\Program Files (x86)\Microsoft Visual Studio\2019\Enterprise\MSBuild\Current\Bin\Microsoft.Common.CurrentVersion.targets:372
  OutDir: 'D:\-Programming-\C#\GitOpenSourceRepository\BionicUtilities.Net\BionicCode.BionicUtilities.Net\.vs\BionicUtilities.Net\v16\lut\0\b\BionicCode.BionicUtilities.Net.UnitTest.Net\bin\Debug\' @ D:\-Programming-\C#\GitOpenSourceRepository\BionicUtilities.Net\BionicCode.BionicUtilities.Net\BionicCode.BionicUtilities.Net.UnitTest.Net\BionicCode.BionicUtilities.Net.UnitTest.Net.csproj:0
[16:31:18.601 Verbose] - BuildManager - Item _ApplicationManifestFinal 'D:\-Programming-\C#\GitOpenSourceRepository\BionicUtilities.Net\BionicCode.BionicUtilities.Net\.vs\BionicUtilities.Net\v16\lut\0\b\BionicCode.BionicUtilities.Net.UnitTest.Net\bin\Debug\Native.BionicCode.BionicUtilities.Net.UnitTest.Net.manifest' evaluated via:
_ApplicationManifestFinal: '$(OutDir)$(_DeploymentTargetApplicationManifestFileName)' @ C:\Program Files (x86)\Microsoft Visual Studio\2019\Enterprise\MSBuild\Current\Bin\Microsoft.Common.CurrentVersion.targets:410
  OutDir: 'D:\-Programming-\C#\GitOpenSourceRepository\BionicUtilities.Net\BionicCode.BionicUtilities.Net\.vs\BionicUtilities.Net\v16\lut\0\b\BionicCode.BionicUtilities.Net.UnitTest.Net\bin\Debug\' @ D:\-Programming-\C#\GitOpenSourceRepository\BionicUtilities.Net\BionicCode.BionicUtilities.Net\BionicCode.BionicUtilities.Net.UnitTest.Net\BionicCode.BionicUtilities.Net.UnitTest.Net.csproj:0
  _DeploymentTargetApplicationManifestFileName: 'Native.$(AssemblyName).manifest' @ C:\Program Files (x86)\Microsoft Visual Studio\2019\Enterprise\MSBuild\Current\Bin\Microsoft.Common.CurrentVersion.targets:228
    AssemblyName: 'BionicCode.BionicUtilities.Net.UnitTest.Net' @ D:\-Programming-\C#\GitOpenSourceRepository\BionicUtilities.Net\BionicCode.BionicUtilities.Net\BionicCode.BionicUtilities.Net.UnitTest.Net\BionicCode.BionicUtilities.Net.UnitTest.Net.csproj:12
